<?xml version="1.0" encoding="UTF-8"?>
<!-- Generated by org.testng.reporters.JUnitReportReporter -->
<testsuite skipped="0" hostname="admin-PC" name="com.headerBlock.APSRTC_headerBlock_ElementNamesDisplay" tests="1" failures="0" timestamp="20 Jan 2020 11:52:43 GMT" time="0.782" errors="0">
  <testcase name="headerBlock" time="0.782" classname="com.headerBlock.APSRTC_headerBlock_ElementNamesDisplay"/>
</testsuite> <!-- com.headerBlock.APSRTC_headerBlock_ElementNamesDisplay -->
