<?xml version="1.0" encoding="UTF-8"?>
<!-- Generated by org.testng.reporters.JUnitReportReporter -->
<testsuite skipped="0" hostname="admin-PC" name="com.selection.Monster_Currentlocation_Industry_Selection" tests="2" failures="0" timestamp="7 Jan 2020 15:23:58 GMT" time="22.982" errors="0">
  <testcase name="industry_Selection" time="22.356" classname="com.selection.Monster_Currentlocation_Industry_Selection"/>
  <testcase name="currentLocation_Selection" time="0.626" classname="com.selection.Monster_Currentlocation_Industry_Selection"/>
</testsuite> <!-- com.selection.Monster_Currentlocation_Industry_Selection -->
