<?xml version="1.0" encoding="UTF-8"?>
<!-- Generated by org.testng.reporters.JUnitReportReporter -->
<testsuite skipped="0" hostname="admin-PC" name="com.LoginDataFromExcel.SingleLoginDataValidate_Excel" tests="1" failures="0" timestamp="6 Jan 2020 07:57:37 GMT" time="8.682" errors="0">
  <testcase name="geLloginData" time="8.682" classname="com.LoginDataFromExcel.SingleLoginDataValidate_Excel"/>
</testsuite> <!-- com.LoginDataFromExcel.SingleLoginDataValidate_Excel -->
