<?xml version="1.0" encoding="UTF-8"?>
<!-- Generated by org.testng.reporters.JUnitReportReporter -->
<testsuite skipped="0" hostname="admin-PC" name="com.webtable.AllDataof_SingleColumn_Webtable" tests="1" failures="0" timestamp="8 Jan 2020 11:14:02 GMT" time="1.876" errors="0">
  <testcase name="AlldataofSingleColumnCityName" time="1.876" classname="com.webtable.AllDataof_SingleColumn_Webtable"/>
</testsuite> <!-- com.webtable.AllDataof_SingleColumn_Webtable -->
