<?xml version="1.0" encoding="UTF-8"?>
<!-- Generated by org.testng.reporters.JUnitReportReporter -->
<testsuite skipped="0" hostname="admin-PC" name="com.DropDown.NoofCountriesinRegisterNewToursAppli_WriteintoExcel" tests="2" failures="0" timestamp="6 Jan 2020 15:36:42 GMT" time="16.852" errors="0">
  <testcase name="registerLink" time="3.894" classname="com.DropDown.NoofCountriesinRegisterNewToursAppli_WriteintoExcel"/>
  <testcase name="countryDropDown" time="12.958" classname="com.DropDown.NoofCountriesinRegisterNewToursAppli_WriteintoExcel"/>
</testsuite> <!-- com.DropDown.NoofCountriesinRegisterNewToursAppli_WriteintoExcel -->
