<?xml version="1.0" encoding="UTF-8"?>
<!-- Generated by org.testng.reporters.JUnitReportReporter -->
<testsuite skipped="0" hostname="admin-PC" name="com.OrangeHRM.AddEmployee_EmpID_Validation" tests="4" failures="0" timestamp="8 Jan 2020 16:36:36 GMT" time="32.548" errors="0">
  <testcase name="logout_Link" time="1.826" classname="com.OrangeHRM.AddEmployee_EmpID_Validation"/>
  <testcase name="adminPage_validation" time="0.100" classname="com.OrangeHRM.AddEmployee_EmpID_Validation"/>
  <testcase name="pim_AddEmployee" time="27.458" classname="com.OrangeHRM.AddEmployee_EmpID_Validation"/>
  <testcase name="loginPanel_Validation" time="3.164" classname="com.OrangeHRM.AddEmployee_EmpID_Validation"/>
</testsuite> <!-- com.OrangeHRM.AddEmployee_EmpID_Validation -->
