<?xml version="1.0" encoding="UTF-8"?>
<!-- Generated by org.testng.reporters.JUnitReportReporter -->
<testsuite skipped="0" hostname="admin-PC" name="com.HeaderBlockLinks.TSRTCHeaderBlockLinks" tests="1" failures="0" timestamp="6 Jan 2020 17:18:19 GMT" time="0.256" errors="0">
  <testcase name="headerBlock" time="0.256" classname="com.HeaderBlockLinks.TSRTCHeaderBlockLinks"/>
</testsuite> <!-- com.HeaderBlockLinks.TSRTCHeaderBlockLinks -->
