<?xml version="1.0" encoding="UTF-8"?>
<!-- Generated by org.testng.reporters.JUnitReportReporter -->
<testsuite skipped="0" hostname="admin-PC" name="com.radioButton.EchoAppli_RadioButtos" tests="1" failures="0" timestamp="8 Jan 2020 16:47:09 GMT" time="93.421" errors="0">
  <testcase name="radioButtons" time="93.421" classname="com.radioButton.EchoAppli_RadioButtos"/>
</testsuite> <!-- com.radioButton.EchoAppli_RadioButtos -->
