<?xml version="1.0" encoding="UTF-8"?>
<!-- Generated by org.testng.reporters.JUnitReportReporter -->
<testsuite skipped="0" hostname="admin-PC" name="com.LoginDataFromExcel.MultipleLoginDataValidate_Excel" tests="1" failures="0" timestamp="10 Jan 2020 17:37:18 GMT" time="150.473" errors="0">
  <testcase name="logIn" time="150.473" classname="com.LoginDataFromExcel.MultipleLoginDataValidate_Excel"/>
</testsuite> <!-- com.LoginDataFromExcel.MultipleLoginDataValidate_Excel -->
