<?xml version="1.0" encoding="UTF-8"?>
<!-- Generated by org.testng.reporters.JUnitReportReporter -->
<testsuite skipped="0" hostname="admin-PC" name="com.Alert.TSRTC_ClickOnCheckAvailability_AlertManage" tests="1" failures="0" timestamp="6 Jan 2020 17:02:15 GMT" time="1.155" errors="0">
  <testcase name="checkAvailability" time="1.155" classname="com.Alert.TSRTC_ClickOnCheckAvailability_AlertManage"/>
</testsuite> <!-- com.Alert.TSRTC_ClickOnCheckAvailability_AlertManage -->
