<?xml version="1.0" encoding="UTF-8"?>
<!-- Generated by org.testng.reporters.JUnitReportReporter -->
<testsuite skipped="0" hostname="admin-PC" name="com.TestNG.Annotations2BeforeAndAfterTest" tests="2" failures="0" timestamp="4 Jan 2020 13:29:17 GMT" time="0.000" errors="0">
  <testcase name="login" time="0.000" classname="com.TestNG.Annotations2BeforeAndAfterTest"/>
  <testcase name="inbox" time="0.000" classname="com.TestNG.Annotations2BeforeAndAfterTest"/>
</testsuite> <!-- com.TestNG.Annotations2BeforeAndAfterTest -->
