<?xml version="1.0" encoding="UTF-8"?>
<!-- Generated by org.testng.reporters.JUnitReportReporter -->
<testsuite skipped="0" hostname="admin-PC" name="com.TestNG.Annotation1Test" tests="4" failures="0" timestamp="4 Jan 2020 13:11:06 GMT" time="0.031" errors="0">
  <testcase name="inbox" time="0.015" classname="com.TestNG.Annotation1Test"/>
  <testcase name="logIn" time="0.000" classname="com.TestNG.Annotation1Test"/>
  <testcase name="composeMail" time="0.000" classname="com.TestNG.Annotation1Test"/>
  <testcase name="gmailLaunch" time="0.016" classname="com.TestNG.Annotation1Test"/>
</testsuite> <!-- com.TestNG.Annotation1Test -->
