<?xml version="1.0" encoding="UTF-8"?>
<!-- Generated by org.testng.reporters.JUnitReportReporter -->
<testsuite skipped="0" hostname="admin-PC" name="com.webtable.SingleCity_TimeAndDate_Webtable" tests="1" failures="0" timestamp="8 Jan 2020 07:59:53 GMT" time="0.686" errors="0">
  <testcase name="singleCityName" time="0.686" classname="com.webtable.SingleCity_TimeAndDate_Webtable"/>
</testsuite> <!-- com.webtable.SingleCity_TimeAndDate_Webtable -->
