<?xml version="1.0" encoding="UTF-8"?>
<!-- Generated by org.testng.reporters.JUnitReportReporter -->
<testsuite skipped="0" hostname="admin-PC" name="com.TestAllLinksinLoginPage.NewToursLoginPageLinksTest" tests="1" failures="0" timestamp="7 Jan 2020 14:36:01 GMT" time="268.062" errors="0">
  <testcase name="newtoursLinks" time="268.062" classname="com.TestAllLinksinLoginPage.NewToursLoginPageLinksTest"/>
</testsuite> <!-- com.TestAllLinksinLoginPage.NewToursLoginPageLinksTest -->
