<?xml version="1.0" encoding="UTF-8"?>
<!-- Generated by org.testng.reporters.JUnitReportReporter -->
<testsuite skipped="0" hostname="admin-PC" name="com.webtable.TotalData_Webtable_TimeAndDate" tests="1" failures="0" timestamp="9 Jan 2020 13:31:12 GMT" time="60.517" errors="0">
  <testcase name="AlldataofSingleColumnCityName" time="60.517" classname="com.webtable.TotalData_Webtable_TimeAndDate"/>
</testsuite> <!-- com.webtable.TotalData_Webtable_TimeAndDate -->
