<?xml version="1.0" encoding="UTF-8"?>
<!-- Generated by org.testng.reporters.JUnitReportReporter -->
<testsuite skipped="0" hostname="admin-PC" name="com.screenshots.NewTours_AllLinksScreenShots" tests="1" failures="0" timestamp="7 Jan 2020 14:40:34 GMT" time="229.899" errors="0">
  <testcase name="newtoursLinks" time="229.899" classname="com.screenshots.NewTours_AllLinksScreenShots"/>
</testsuite> <!-- com.screenshots.NewTours_AllLinksScreenShots -->
