<?xml version="1.0" encoding="UTF-8"?>
<!-- Generated by org.testng.reporters.JUnitReportReporter -->
<testsuite skipped="0" hostname="admin-PC" name="com.Xpath.FaceBookApplication_Xpath" tests="1" failures="0" timestamp="6 Jan 2020 15:03:52 GMT" time="19.695" errors="0">
  <testcase name="logInFacebook" time="19.695" classname="com.Xpath.FaceBookApplication_Xpath"/>
</testsuite> <!-- com.Xpath.FaceBookApplication_Xpath -->
