<?xml version="1.0" encoding="UTF-8"?>
<!-- Generated by org.testng.reporters.JUnitReportReporter -->
<testsuite skipped="0" hostname="admin-PC" name="com.screenshots.Bing_ScreenShot" tests="1" failures="0" timestamp="7 Jan 2020 13:12:56 GMT" time="1.170" errors="0">
  <testcase name="bing_screenshot" time="1.170" classname="com.screenshots.Bing_ScreenShot"/>
</testsuite> <!-- com.screenshots.Bing_ScreenShot -->
